2016-02-15 15:54:36: -- Analysis Started by User
2016-02-15 15:54:36: 变更：371， 冲突：， 复制时间：， 复制状态：/， 错误： , All: 1322
2016-02-15 15:54:36: Right to Left: Copy File: 1 Delete File: 370 
2016-02-15 15:54:36: ----- ：分析已结束。 历时 00:00:00， 速度： Many 个文件/秒 -----
2016-02-15 15:54:36: 
2016-02-15 15:54:46: == Sync Started by User
2016-02-15 15:54:46: 删除文件 'D:/php/weixingzh/Public/common/lib/ckeditor/adapters/jquery.js'
2016-02-15 15:54:46: 删除文件夹 'D:/php/weixingzh/Public/common/lib/ckeditor/adapters'
2016-02-15 15:54:46: 删除文件 'D:/php/weixingzh/Public/common/lib/ckeditor/build-config.js'
2016-02-15 15:54:46: 删除文件 'D:/php/weixingzh/Public/common/lib/ckeditor/CHANGES.md'
2016-02-15 15:54:46: 删除文件 'D:/php/weixingzh/Public/common/lib/ckeditor/ckeditor.js'
2016-02-15 15:54:46: 删除文件 'D:/php/weixingzh/Public/common/lib/ckeditor/config.js'
2016-02-15 15:54:46: 删除文件 'D:/php/weixingzh/Public/common/lib/ckeditor/contents.css'
2016-02-15 15:54:46: 删除文件 'D:/php/weixingzh/Public/common/lib/ckeditor/lang/af.js'
2016-02-15 15:54:46: 删除文件 'D:/php/weixingzh/Public/common/lib/ckeditor/lang/ar.js'
2016-02-15 15:54:46: 删除文件 'D:/php/weixingzh/Public/common/lib/ckeditor/lang/bg.js'
2016-02-15 15:54:46: 删除文件 'D:/php/weixingzh/Public/common/lib/ckeditor/lang/bn.js'
2016-02-15 15:54:46: 删除文件 'D:/php/weixingzh/Public/common/lib/ckeditor/lang/bs.js'
2016-02-15 15:54:46: 删除文件 'D:/php/weixingzh/Public/common/lib/ckeditor/lang/ca.js'
2016-02-15 15:54:46: 删除文件 'D:/php/weixingzh/Public/common/lib/ckeditor/lang/cs.js'
2016-02-15 15:54:46: 删除文件 'D:/php/weixingzh/Public/common/lib/ckeditor/lang/cy.js'
2016-02-15 15:54:46: 删除文件 'D:/php/weixingzh/Public/common/lib/ckeditor/lang/da.js'
2016-02-15 15:54:46: 删除文件 'D:/php/weixingzh/Public/common/lib/ckeditor/lang/de.js'
2016-02-15 15:54:46: 删除文件 'D:/php/weixingzh/Public/common/lib/ckeditor/lang/el.js'
2016-02-15 15:54:46: 删除文件 'D:/php/weixingzh/Public/common/lib/ckeditor/lang/en-au.js'
2016-02-15 15:54:46: 删除文件 'D:/php/weixingzh/Public/common/lib/ckeditor/lang/en-ca.js'
2016-02-15 15:54:46: 删除文件 'D:/php/weixingzh/Public/common/lib/ckeditor/lang/en-gb.js'
2016-02-15 15:54:46: 删除文件 'D:/php/weixingzh/Public/common/lib/ckeditor/lang/en.js'
2016-02-15 15:54:46: 删除文件 'D:/php/weixingzh/Public/common/lib/ckeditor/lang/eo.js'
2016-02-15 15:54:46: 删除文件 'D:/php/weixingzh/Public/common/lib/ckeditor/lang/es.js'
2016-02-15 15:54:46: 删除文件 'D:/php/weixingzh/Public/common/lib/ckeditor/lang/et.js'
2016-02-15 15:54:46: 删除文件 'D:/php/weixingzh/Public/common/lib/ckeditor/lang/eu.js'
2016-02-15 15:54:46: 删除文件 'D:/php/weixingzh/Public/common/lib/ckeditor/lang/fa.js'
2016-02-15 15:54:46: 删除文件 'D:/php/weixingzh/Public/common/lib/ckeditor/lang/fi.js'
2016-02-15 15:54:46: 删除文件 'D:/php/weixingzh/Public/common/lib/ckeditor/lang/fo.js'
2016-02-15 15:54:46: 删除文件 'D:/php/weixingzh/Public/common/lib/ckeditor/lang/fr-ca.js'
2016-02-15 15:54:46: 删除文件 'D:/php/weixingzh/Public/common/lib/ckeditor/lang/fr.js'
2016-02-15 15:54:46: 删除文件 'D:/php/weixingzh/Public/common/lib/ckeditor/lang/gl.js'
2016-02-15 15:54:46: 删除文件 'D:/php/weixingzh/Public/common/lib/ckeditor/lang/gu.js'
2016-02-15 15:54:46: 删除文件 'D:/php/weixingzh/Public/common/lib/ckeditor/lang/he.js'
2016-02-15 15:54:46: 删除文件 'D:/php/weixingzh/Public/common/lib/ckeditor/lang/hi.js'
2016-02-15 15:54:46: 删除文件 'D:/php/weixingzh/Public/common/lib/ckeditor/lang/hr.js'
2016-02-15 15:54:46: 删除文件 'D:/php/weixingzh/Public/common/lib/ckeditor/lang/hu.js'
2016-02-15 15:54:46: 删除文件 'D:/php/weixingzh/Public/common/lib/ckeditor/lang/id.js'
2016-02-15 15:54:46: 删除文件 'D:/php/weixingzh/Public/common/lib/ckeditor/lang/is.js'
2016-02-15 15:54:46: 删除文件 'D:/php/weixingzh/Public/common/lib/ckeditor/lang/it.js'
2016-02-15 15:54:46: 删除文件 'D:/php/weixingzh/Public/common/lib/ckeditor/lang/ja.js'
2016-02-15 15:54:46: 删除文件 'D:/php/weixingzh/Public/common/lib/ckeditor/lang/ka.js'
2016-02-15 15:54:46: 删除文件 'D:/php/weixingzh/Public/common/lib/ckeditor/lang/km.js'
2016-02-15 15:54:46: 删除文件 'D:/php/weixingzh/Public/common/lib/ckeditor/lang/ko.js'
2016-02-15 15:54:46: 删除文件 'D:/php/weixingzh/Public/common/lib/ckeditor/lang/ku.js'
2016-02-15 15:54:46: 删除文件 'D:/php/weixingzh/Public/common/lib/ckeditor/lang/lt.js'
2016-02-15 15:54:46: 删除文件 'D:/php/weixingzh/Public/common/lib/ckeditor/lang/lv.js'
2016-02-15 15:54:46: 删除文件 'D:/php/weixingzh/Public/common/lib/ckeditor/lang/mk.js'
2016-02-15 15:54:46: 删除文件 'D:/php/weixingzh/Public/common/lib/ckeditor/lang/mn.js'
2016-02-15 15:54:46: 删除文件 'D:/php/weixingzh/Public/common/lib/ckeditor/lang/ms.js'
2016-02-15 15:54:46: 删除文件 'D:/php/weixingzh/Public/common/lib/ckeditor/lang/nb.js'
2016-02-15 15:54:46: 删除文件 'D:/php/weixingzh/Public/common/lib/ckeditor/lang/nl.js'
2016-02-15 15:54:46: 删除文件 'D:/php/weixingzh/Public/common/lib/ckeditor/lang/no.js'
2016-02-15 15:54:46: 删除文件 'D:/php/weixingzh/Public/common/lib/ckeditor/lang/pl.js'
2016-02-15 15:54:46: 删除文件 'D:/php/weixingzh/Public/common/lib/ckeditor/lang/pt-br.js'
2016-02-15 15:54:46: 删除文件 'D:/php/weixingzh/Public/common/lib/ckeditor/lang/pt.js'
2016-02-15 15:54:46: 删除文件 'D:/php/weixingzh/Public/common/lib/ckeditor/lang/ro.js'
2016-02-15 15:54:46: 删除文件 'D:/php/weixingzh/Public/common/lib/ckeditor/lang/ru.js'
2016-02-15 15:54:46: 删除文件 'D:/php/weixingzh/Public/common/lib/ckeditor/lang/si.js'
2016-02-15 15:54:46: 删除文件 'D:/php/weixingzh/Public/common/lib/ckeditor/lang/sk.js'
2016-02-15 15:54:46: 删除文件 'D:/php/weixingzh/Public/common/lib/ckeditor/lang/sl.js'
2016-02-15 15:54:46: 删除文件 'D:/php/weixingzh/Public/common/lib/ckeditor/lang/sq.js'
2016-02-15 15:54:46: 删除文件 'D:/php/weixingzh/Public/common/lib/ckeditor/lang/sr-latn.js'
2016-02-15 15:54:46: 删除文件 'D:/php/weixingzh/Public/common/lib/ckeditor/lang/sr.js'
2016-02-15 15:54:46: 删除文件 'D:/php/weixingzh/Public/common/lib/ckeditor/lang/sv.js'
2016-02-15 15:54:46: 删除文件 'D:/php/weixingzh/Public/common/lib/ckeditor/lang/th.js'
2016-02-15 15:54:46: 删除文件 'D:/php/weixingzh/Public/common/lib/ckeditor/lang/tr.js'
2016-02-15 15:54:46: 删除文件 'D:/php/weixingzh/Public/common/lib/ckeditor/lang/tt.js'
2016-02-15 15:54:46: 删除文件 'D:/php/weixingzh/Public/common/lib/ckeditor/lang/ug.js'
2016-02-15 15:54:46: 删除文件 'D:/php/weixingzh/Public/common/lib/ckeditor/lang/uk.js'
2016-02-15 15:54:46: 删除文件 'D:/php/weixingzh/Public/common/lib/ckeditor/lang/vi.js'
2016-02-15 15:54:46: 删除文件 'D:/php/weixingzh/Public/common/lib/ckeditor/lang/zh-cn.js'
2016-02-15 15:54:46: 删除文件 'D:/php/weixingzh/Public/common/lib/ckeditor/lang/zh.js'
2016-02-15 15:54:46: 删除文件夹 'D:/php/weixingzh/Public/common/lib/ckeditor/lang'
2016-02-15 15:54:46: 删除文件 'D:/php/weixingzh/Public/common/lib/ckeditor/LICENSE.md'
2016-02-15 15:54:46: 删除文件 'D:/php/weixingzh/Public/common/lib/ckeditor/plugins/a11yhelp/dialogs/a11yhelp.js'
2016-02-15 15:54:46: 删除文件 'D:/php/weixingzh/Public/common/lib/ckeditor/plugins/a11yhelp/dialogs/lang/_translationstatus.txt'
2016-02-15 15:54:46: 删除文件 'D:/php/weixingzh/Public/common/lib/ckeditor/plugins/a11yhelp/dialogs/lang/af.js'
2016-02-15 15:54:46: 删除文件 'D:/php/weixingzh/Public/common/lib/ckeditor/plugins/a11yhelp/dialogs/lang/ar.js'
2016-02-15 15:54:46: 删除文件 'D:/php/weixingzh/Public/common/lib/ckeditor/plugins/a11yhelp/dialogs/lang/bg.js'
2016-02-15 15:54:46: 删除文件 'D:/php/weixingzh/Public/common/lib/ckeditor/plugins/a11yhelp/dialogs/lang/ca.js'
2016-02-15 15:54:46: 删除文件 'D:/php/weixingzh/Public/common/lib/ckeditor/plugins/a11yhelp/dialogs/lang/cs.js'
2016-02-15 15:54:46: 删除文件 'D:/php/weixingzh/Public/common/lib/ckeditor/plugins/a11yhelp/dialogs/lang/cy.js'
2016-02-15 15:54:46: 删除文件 'D:/php/weixingzh/Public/common/lib/ckeditor/plugins/a11yhelp/dialogs/lang/da.js'
2016-02-15 15:54:46: 删除文件 'D:/php/weixingzh/Public/common/lib/ckeditor/plugins/a11yhelp/dialogs/lang/de.js'
2016-02-15 15:54:46: 删除文件 'D:/php/weixingzh/Public/common/lib/ckeditor/plugins/a11yhelp/dialogs/lang/el.js'
2016-02-15 15:54:46: 删除文件 'D:/php/weixingzh/Public/common/lib/ckeditor/plugins/a11yhelp/dialogs/lang/en-gb.js'
2016-02-15 15:54:46: 删除文件 'D:/php/weixingzh/Public/common/lib/ckeditor/plugins/a11yhelp/dialogs/lang/en.js'
2016-02-15 15:54:46: 删除文件 'D:/php/weixingzh/Public/common/lib/ckeditor/plugins/a11yhelp/dialogs/lang/eo.js'
2016-02-15 15:54:46: 删除文件 'D:/php/weixingzh/Public/common/lib/ckeditor/plugins/a11yhelp/dialogs/lang/es.js'
2016-02-15 15:54:46: 删除文件 'D:/php/weixingzh/Public/common/lib/ckeditor/plugins/a11yhelp/dialogs/lang/et.js'
2016-02-15 15:54:46: 删除文件 'D:/php/weixingzh/Public/common/lib/ckeditor/plugins/a11yhelp/dialogs/lang/fa.js'
2016-02-15 15:54:46: 删除文件 'D:/php/weixingzh/Public/common/lib/ckeditor/plugins/a11yhelp/dialogs/lang/fi.js'
2016-02-15 15:54:46: 删除文件 'D:/php/weixingzh/Public/common/lib/ckeditor/plugins/a11yhelp/dialogs/lang/fo.js'
2016-02-15 15:54:46: 删除文件 'D:/php/weixingzh/Public/common/lib/ckeditor/plugins/a11yhelp/dialogs/lang/fr-ca.js'
2016-02-15 15:54:46: 删除文件 'D:/php/weixingzh/Public/common/lib/ckeditor/plugins/a11yhelp/dialogs/lang/fr.js'
2016-02-15 15:54:46: 删除文件 'D:/php/weixingzh/Public/common/lib/ckeditor/plugins/a11yhelp/dialogs/lang/gl.js'
2016-02-15 15:54:46: 删除文件 'D:/php/weixingzh/Public/common/lib/ckeditor/plugins/a11yhelp/dialogs/lang/gu.js'
2016-02-15 15:54:46: 删除文件 'D:/php/weixingzh/Public/common/lib/ckeditor/plugins/a11yhelp/dialogs/lang/he.js'
2016-02-15 15:54:46: 删除文件 'D:/php/weixingzh/Public/common/lib/ckeditor/plugins/a11yhelp/dialogs/lang/hi.js'
2016-02-15 15:54:46: 删除文件 'D:/php/weixingzh/Public/common/lib/ckeditor/plugins/a11yhelp/dialogs/lang/hr.js'
2016-02-15 15:54:46: 删除文件 'D:/php/weixingzh/Public/common/lib/ckeditor/plugins/a11yhelp/dialogs/lang/hu.js'
2016-02-15 15:54:46: 删除文件 'D:/php/weixingzh/Public/common/lib/ckeditor/plugins/a11yhelp/dialogs/lang/id.js'
2016-02-15 15:54:46: 删除文件 'D:/php/weixingzh/Public/common/lib/ckeditor/plugins/a11yhelp/dialogs/lang/it.js'
2016-02-15 15:54:46: 删除文件 'D:/php/weixingzh/Public/common/lib/ckeditor/plugins/a11yhelp/dialogs/lang/ja.js'
2016-02-15 15:54:46: 删除文件 'D:/php/weixingzh/Public/common/lib/ckeditor/plugins/a11yhelp/dialogs/lang/km.js'
2016-02-15 15:54:46: 删除文件 'D:/php/weixingzh/Public/common/lib/ckeditor/plugins/a11yhelp/dialogs/lang/ko.js'
2016-02-15 15:54:46: 删除文件 'D:/php/weixingzh/Public/common/lib/ckeditor/plugins/a11yhelp/dialogs/lang/ku.js'
2016-02-15 15:54:46: 删除文件 'D:/php/weixingzh/Public/common/lib/ckeditor/plugins/a11yhelp/dialogs/lang/lt.js'
2016-02-15 15:54:46: 删除文件 'D:/php/weixingzh/Public/common/lib/ckeditor/plugins/a11yhelp/dialogs/lang/lv.js'
2016-02-15 15:54:46: 删除文件 'D:/php/weixingzh/Public/common/lib/ckeditor/plugins/a11yhelp/dialogs/lang/mk.js'
2016-02-15 15:54:46: 删除文件 'D:/php/weixingzh/Public/common/lib/ckeditor/plugins/a11yhelp/dialogs/lang/mn.js'
2016-02-15 15:54:46: 删除文件 'D:/php/weixingzh/Public/common/lib/ckeditor/plugins/a11yhelp/dialogs/lang/nb.js'
2016-02-15 15:54:46: 删除文件 'D:/php/weixingzh/Public/common/lib/ckeditor/plugins/a11yhelp/dialogs/lang/nl.js'
2016-02-15 15:54:46: 删除文件 'D:/php/weixingzh/Public/common/lib/ckeditor/plugins/a11yhelp/dialogs/lang/no.js'
2016-02-15 15:54:46: 删除文件 'D:/php/weixingzh/Public/common/lib/ckeditor/plugins/a11yhelp/dialogs/lang/pl.js'
2016-02-15 15:54:46: 删除文件 'D:/php/weixingzh/Public/common/lib/ckeditor/plugins/a11yhelp/dialogs/lang/pt-br.js'
2016-02-15 15:54:46: 删除文件 'D:/php/weixingzh/Public/common/lib/ckeditor/plugins/a11yhelp/dialogs/lang/pt.js'
2016-02-15 15:54:46: 删除文件 'D:/php/weixingzh/Public/common/lib/ckeditor/plugins/a11yhelp/dialogs/lang/ro.js'
2016-02-15 15:54:46: 删除文件 'D:/php/weixingzh/Public/common/lib/ckeditor/plugins/a11yhelp/dialogs/lang/ru.js'
2016-02-15 15:54:46: 删除文件 'D:/php/weixingzh/Public/common/lib/ckeditor/plugins/a11yhelp/dialogs/lang/si.js'
2016-02-15 15:54:46: 删除文件 'D:/php/weixingzh/Public/common/lib/ckeditor/plugins/a11yhelp/dialogs/lang/sk.js'
2016-02-15 15:54:46: 删除文件 'D:/php/weixingzh/Public/common/lib/ckeditor/plugins/a11yhelp/dialogs/lang/sl.js'
2016-02-15 15:54:46: 删除文件 'D:/php/weixingzh/Public/common/lib/ckeditor/plugins/a11yhelp/dialogs/lang/sq.js'
2016-02-15 15:54:46: 删除文件 'D:/php/weixingzh/Public/common/lib/ckeditor/plugins/a11yhelp/dialogs/lang/sr-latn.js'
2016-02-15 15:54:46: 删除文件 'D:/php/weixingzh/Public/common/lib/ckeditor/plugins/a11yhelp/dialogs/lang/sr.js'
2016-02-15 15:54:46: 删除文件 'D:/php/weixingzh/Public/common/lib/ckeditor/plugins/a11yhelp/dialogs/lang/sv.js'
2016-02-15 15:54:46: 删除文件 'D:/php/weixingzh/Public/common/lib/ckeditor/plugins/a11yhelp/dialogs/lang/th.js'
2016-02-15 15:54:46: 删除文件 'D:/php/weixingzh/Public/common/lib/ckeditor/plugins/a11yhelp/dialogs/lang/tr.js'
2016-02-15 15:54:46: 删除文件 'D:/php/weixingzh/Public/common/lib/ckeditor/plugins/a11yhelp/dialogs/lang/tt.js'
2016-02-15 15:54:46: 删除文件 'D:/php/weixingzh/Public/common/lib/ckeditor/plugins/a11yhelp/dialogs/lang/ug.js'
2016-02-15 15:54:46: 删除文件 'D:/php/weixingzh/Public/common/lib/ckeditor/plugins/a11yhelp/dialogs/lang/uk.js'
2016-02-15 15:54:46: 删除文件 'D:/php/weixingzh/Public/common/lib/ckeditor/plugins/a11yhelp/dialogs/lang/vi.js'
2016-02-15 15:54:46: 删除文件 'D:/php/weixingzh/Public/common/lib/ckeditor/plugins/a11yhelp/dialogs/lang/zh-cn.js'
2016-02-15 15:54:46: 删除文件 'D:/php/weixingzh/Public/common/lib/ckeditor/plugins/a11yhelp/dialogs/lang/zh.js'
2016-02-15 15:54:46: 删除文件夹 'D:/php/weixingzh/Public/common/lib/ckeditor/plugins/a11yhelp/dialogs/lang'
2016-02-15 15:54:46: 删除文件夹 'D:/php/weixingzh/Public/common/lib/ckeditor/plugins/a11yhelp/dialogs'
2016-02-15 15:54:46: 删除文件夹 'D:/php/weixingzh/Public/common/lib/ckeditor/plugins/a11yhelp'
2016-02-15 15:54:46: 删除文件 'D:/php/weixingzh/Public/common/lib/ckeditor/plugins/about/dialogs/about.js'
2016-02-15 15:54:46: 删除文件 'D:/php/weixingzh/Public/common/lib/ckeditor/plugins/about/dialogs/hidpi/logo_ckeditor.png'
2016-02-15 15:54:46: 删除文件夹 'D:/php/weixingzh/Public/common/lib/ckeditor/plugins/about/dialogs/hidpi'
2016-02-15 15:54:46: 删除文件 'D:/php/weixingzh/Public/common/lib/ckeditor/plugins/about/dialogs/logo_ckeditor.png'
2016-02-15 15:54:46: 删除文件夹 'D:/php/weixingzh/Public/common/lib/ckeditor/plugins/about/dialogs'
2016-02-15 15:54:46: 删除文件夹 'D:/php/weixingzh/Public/common/lib/ckeditor/plugins/about'
2016-02-15 15:54:46: 删除文件 'D:/php/weixingzh/Public/common/lib/ckeditor/plugins/clipboard/dialogs/paste.js'
2016-02-15 15:54:46: 删除文件夹 'D:/php/weixingzh/Public/common/lib/ckeditor/plugins/clipboard/dialogs'
2016-02-15 15:54:46: 删除文件夹 'D:/php/weixingzh/Public/common/lib/ckeditor/plugins/clipboard'
2016-02-15 15:54:46: 删除文件 'D:/php/weixingzh/Public/common/lib/ckeditor/plugins/dialog/dialogDefinition.js'
2016-02-15 15:54:46: 删除文件夹 'D:/php/weixingzh/Public/common/lib/ckeditor/plugins/dialog'
2016-02-15 15:54:46: 删除文件 'D:/php/weixingzh/Public/common/lib/ckeditor/plugins/icons.png'
2016-02-15 15:54:46: 删除文件 'D:/php/weixingzh/Public/common/lib/ckeditor/plugins/icons_hidpi.png'
2016-02-15 15:54:46: 删除文件 'D:/php/weixingzh/Public/common/lib/ckeditor/plugins/image/dialogs/image.js'
2016-02-15 15:54:46: 删除文件夹 'D:/php/weixingzh/Public/common/lib/ckeditor/plugins/image/dialogs'
2016-02-15 15:54:46: 删除文件 'D:/php/weixingzh/Public/common/lib/ckeditor/plugins/image/images/noimage.png'
2016-02-15 15:54:46: 删除文件夹 'D:/php/weixingzh/Public/common/lib/ckeditor/plugins/image/images'
2016-02-15 15:54:46: 删除文件夹 'D:/php/weixingzh/Public/common/lib/ckeditor/plugins/image'
2016-02-15 15:54:46: 删除文件 'D:/php/weixingzh/Public/common/lib/ckeditor/plugins/link/dialogs/anchor.js'
2016-02-15 15:54:46: 删除文件 'D:/php/weixingzh/Public/common/lib/ckeditor/plugins/link/dialogs/link.js'
2016-02-15 15:54:46: 删除文件夹 'D:/php/weixingzh/Public/common/lib/ckeditor/plugins/link/dialogs'
2016-02-15 15:54:46: 删除文件 'D:/php/weixingzh/Public/common/lib/ckeditor/plugins/link/images/anchor.png'
2016-02-15 15:54:46: 删除文件 'D:/php/weixingzh/Public/common/lib/ckeditor/plugins/link/images/hidpi/anchor.png'
2016-02-15 15:54:46: 删除文件夹 'D:/php/weixingzh/Public/common/lib/ckeditor/plugins/link/images/hidpi'
2016-02-15 15:54:46: 删除文件夹 'D:/php/weixingzh/Public/common/lib/ckeditor/plugins/link/images'
2016-02-15 15:54:46: 删除文件夹 'D:/php/weixingzh/Public/common/lib/ckeditor/plugins/link'
2016-02-15 15:54:46: 删除文件 'D:/php/weixingzh/Public/common/lib/ckeditor/plugins/magicline/images/hidpi/icon-rtl.png'
2016-02-15 15:54:46: 删除文件 'D:/php/weixingzh/Public/common/lib/ckeditor/plugins/magicline/images/hidpi/icon.png'
2016-02-15 15:54:46: 删除文件夹 'D:/php/weixingzh/Public/common/lib/ckeditor/plugins/magicline/images/hidpi'
2016-02-15 15:54:46: 删除文件 'D:/php/weixingzh/Public/common/lib/ckeditor/plugins/magicline/images/icon-rtl.png'
2016-02-15 15:54:46: 删除文件 'D:/php/weixingzh/Public/common/lib/ckeditor/plugins/magicline/images/icon.png'
2016-02-15 15:54:46: 删除文件夹 'D:/php/weixingzh/Public/common/lib/ckeditor/plugins/magicline/images'
2016-02-15 15:54:46: 删除文件夹 'D:/php/weixingzh/Public/common/lib/ckeditor/plugins/magicline'
2016-02-15 15:54:46: 删除文件 'D:/php/weixingzh/Public/common/lib/ckeditor/plugins/pastefromword/filter/default.js'
2016-02-15 15:54:46: 删除文件夹 'D:/php/weixingzh/Public/common/lib/ckeditor/plugins/pastefromword/filter'
2016-02-15 15:54:46: 删除文件夹 'D:/php/weixingzh/Public/common/lib/ckeditor/plugins/pastefromword'
2016-02-15 15:54:46: 删除文件 'D:/php/weixingzh/Public/common/lib/ckeditor/plugins/scayt/dialogs/options.js'
2016-02-15 15:54:46: 删除文件 'D:/php/weixingzh/Public/common/lib/ckeditor/plugins/scayt/dialogs/toolbar.css'
2016-02-15 15:54:46: 删除文件夹 'D:/php/weixingzh/Public/common/lib/ckeditor/plugins/scayt/dialogs'
2016-02-15 15:54:46: 删除文件 'D:/php/weixingzh/Public/common/lib/ckeditor/plugins/scayt/LICENSE.md'
2016-02-15 15:54:46: 删除文件 'D:/php/weixingzh/Public/common/lib/ckeditor/plugins/scayt/README.md'
2016-02-15 15:54:46: 删除文件夹 'D:/php/weixingzh/Public/common/lib/ckeditor/plugins/scayt'
2016-02-15 15:54:46: 删除文件 'D:/php/weixingzh/Public/common/lib/ckeditor/plugins/specialchar/dialogs/lang/_translationstatus.txt'
2016-02-15 15:54:46: 删除文件 'D:/php/weixingzh/Public/common/lib/ckeditor/plugins/specialchar/dialogs/lang/af.js'
2016-02-15 15:54:46: 删除文件 'D:/php/weixingzh/Public/common/lib/ckeditor/plugins/specialchar/dialogs/lang/ar.js'
2016-02-15 15:54:46: 删除文件 'D:/php/weixingzh/Public/common/lib/ckeditor/plugins/specialchar/dialogs/lang/bg.js'
2016-02-15 15:54:46: 删除文件 'D:/php/weixingzh/Public/common/lib/ckeditor/plugins/specialchar/dialogs/lang/ca.js'
2016-02-15 15:54:46: 删除文件 'D:/php/weixingzh/Public/common/lib/ckeditor/plugins/specialchar/dialogs/lang/cs.js'
2016-02-15 15:54:46: 删除文件 'D:/php/weixingzh/Public/common/lib/ckeditor/plugins/specialchar/dialogs/lang/cy.js'
2016-02-15 15:54:46: 删除文件 'D:/php/weixingzh/Public/common/lib/ckeditor/plugins/specialchar/dialogs/lang/da.js'
2016-02-15 15:54:46: 删除文件 'D:/php/weixingzh/Public/common/lib/ckeditor/plugins/specialchar/dialogs/lang/de.js'
2016-02-15 15:54:46: 删除文件 'D:/php/weixingzh/Public/common/lib/ckeditor/plugins/specialchar/dialogs/lang/el.js'
2016-02-15 15:54:46: 删除文件 'D:/php/weixingzh/Public/common/lib/ckeditor/plugins/specialchar/dialogs/lang/en-gb.js'
2016-02-15 15:54:46: 删除文件 'D:/php/weixingzh/Public/common/lib/ckeditor/plugins/specialchar/dialogs/lang/en.js'
2016-02-15 15:54:46: 删除文件 'D:/php/weixingzh/Public/common/lib/ckeditor/plugins/specialchar/dialogs/lang/eo.js'
2016-02-15 15:54:46: 删除文件 'D:/php/weixingzh/Public/common/lib/ckeditor/plugins/specialchar/dialogs/lang/es.js'
2016-02-15 15:54:46: 删除文件 'D:/php/weixingzh/Public/common/lib/ckeditor/plugins/specialchar/dialogs/lang/et.js'
2016-02-15 15:54:46: 删除文件 'D:/php/weixingzh/Public/common/lib/ckeditor/plugins/specialchar/dialogs/lang/fa.js'
2016-02-15 15:54:46: 删除文件 'D:/php/weixingzh/Public/common/lib/ckeditor/plugins/specialchar/dialogs/lang/fi.js'
2016-02-15 15:54:46: 删除文件 'D:/php/weixingzh/Public/common/lib/ckeditor/plugins/specialchar/dialogs/lang/fr-ca.js'
2016-02-15 15:54:46: 删除文件 'D:/php/weixingzh/Public/common/lib/ckeditor/plugins/specialchar/dialogs/lang/fr.js'
2016-02-15 15:54:46: 删除文件 'D:/php/weixingzh/Public/common/lib/ckeditor/plugins/specialchar/dialogs/lang/gl.js'
2016-02-15 15:54:46: 删除文件 'D:/php/weixingzh/Public/common/lib/ckeditor/plugins/specialchar/dialogs/lang/he.js'
2016-02-15 15:54:46: 删除文件 'D:/php/weixingzh/Public/common/lib/ckeditor/plugins/specialchar/dialogs/lang/hr.js'
2016-02-15 15:54:46: 删除文件 'D:/php/weixingzh/Public/common/lib/ckeditor/plugins/specialchar/dialogs/lang/hu.js'
2016-02-15 15:54:46: 删除文件 'D:/php/weixingzh/Public/common/lib/ckeditor/plugins/specialchar/dialogs/lang/id.js'
2016-02-15 15:54:46: 删除文件 'D:/php/weixingzh/Public/common/lib/ckeditor/plugins/specialchar/dialogs/lang/it.js'
2016-02-15 15:54:46: 删除文件 'D:/php/weixingzh/Public/common/lib/ckeditor/plugins/specialchar/dialogs/lang/ja.js'
2016-02-15 15:54:46: 删除文件 'D:/php/weixingzh/Public/common/lib/ckeditor/plugins/specialchar/dialogs/lang/km.js'
2016-02-15 15:54:46: 删除文件 'D:/php/weixingzh/Public/common/lib/ckeditor/plugins/specialchar/dialogs/lang/ko.js'
2016-02-15 15:54:46: 删除文件 'D:/php/weixingzh/Public/common/lib/ckeditor/plugins/specialchar/dialogs/lang/ku.js'
2016-02-15 15:54:46: 删除文件 'D:/php/weixingzh/Public/common/lib/ckeditor/plugins/specialchar/dialogs/lang/lt.js'
2016-02-15 15:54:46: 删除文件 'D:/php/weixingzh/Public/common/lib/ckeditor/plugins/specialchar/dialogs/lang/lv.js'
2016-02-15 15:54:46: 删除文件 'D:/php/weixingzh/Public/common/lib/ckeditor/plugins/specialchar/dialogs/lang/nb.js'
2016-02-15 15:54:46: 删除文件 'D:/php/weixingzh/Public/common/lib/ckeditor/plugins/specialchar/dialogs/lang/nl.js'
2016-02-15 15:54:46: 删除文件 'D:/php/weixingzh/Public/common/lib/ckeditor/plugins/specialchar/dialogs/lang/no.js'
2016-02-15 15:54:46: 删除文件 'D:/php/weixingzh/Public/common/lib/ckeditor/plugins/specialchar/dialogs/lang/pl.js'
2016-02-15 15:54:46: 删除文件 'D:/php/weixingzh/Public/common/lib/ckeditor/plugins/specialchar/dialogs/lang/pt-br.js'
2016-02-15 15:54:46: 删除文件 'D:/php/weixingzh/Public/common/lib/ckeditor/plugins/specialchar/dialogs/lang/pt.js'
2016-02-15 15:54:46: 删除文件 'D:/php/weixingzh/Public/common/lib/ckeditor/plugins/specialchar/dialogs/lang/ru.js'
2016-02-15 15:54:46: 删除文件 'D:/php/weixingzh/Public/common/lib/ckeditor/plugins/specialchar/dialogs/lang/si.js'
2016-02-15 15:54:46: 删除文件 'D:/php/weixingzh/Public/common/lib/ckeditor/plugins/specialchar/dialogs/lang/sk.js'
2016-02-15 15:54:46: 删除文件 'D:/php/weixingzh/Public/common/lib/ckeditor/plugins/specialchar/dialogs/lang/sl.js'
2016-02-15 15:54:46: 删除文件 'D:/php/weixingzh/Public/common/lib/ckeditor/plugins/specialchar/dialogs/lang/sq.js'
2016-02-15 15:54:46: 删除文件 'D:/php/weixingzh/Public/common/lib/ckeditor/plugins/specialchar/dialogs/lang/sv.js'
2016-02-15 15:54:46: 删除文件 'D:/php/weixingzh/Public/common/lib/ckeditor/plugins/specialchar/dialogs/lang/th.js'
2016-02-15 15:54:46: 删除文件 'D:/php/weixingzh/Public/common/lib/ckeditor/plugins/specialchar/dialogs/lang/tr.js'
2016-02-15 15:54:46: 删除文件 'D:/php/weixingzh/Public/common/lib/ckeditor/plugins/specialchar/dialogs/lang/tt.js'
2016-02-15 15:54:46: 删除文件 'D:/php/weixingzh/Public/common/lib/ckeditor/plugins/specialchar/dialogs/lang/ug.js'
2016-02-15 15:54:46: 删除文件 'D:/php/weixingzh/Public/common/lib/ckeditor/plugins/specialchar/dialogs/lang/uk.js'
2016-02-15 15:54:46: 删除文件 'D:/php/weixingzh/Public/common/lib/ckeditor/plugins/specialchar/dialogs/lang/vi.js'
2016-02-15 15:54:46: 删除文件 'D:/php/weixingzh/Public/common/lib/ckeditor/plugins/specialchar/dialogs/lang/zh-cn.js'
2016-02-15 15:54:46: 删除文件 'D:/php/weixingzh/Public/common/lib/ckeditor/plugins/specialchar/dialogs/lang/zh.js'
2016-02-15 15:54:46: 删除文件夹 'D:/php/weixingzh/Public/common/lib/ckeditor/plugins/specialchar/dialogs/lang'
2016-02-15 15:54:46: 删除文件 'D:/php/weixingzh/Public/common/lib/ckeditor/plugins/specialchar/dialogs/specialchar.js'
2016-02-15 15:54:46: 删除文件夹 'D:/php/weixingzh/Public/common/lib/ckeditor/plugins/specialchar/dialogs'
2016-02-15 15:54:46: 删除文件夹 'D:/php/weixingzh/Public/common/lib/ckeditor/plugins/specialchar'
2016-02-15 15:54:46: 删除文件 'D:/php/weixingzh/Public/common/lib/ckeditor/plugins/table/dialogs/table.js'
2016-02-15 15:54:46: 删除文件夹 'D:/php/weixingzh/Public/common/lib/ckeditor/plugins/table/dialogs'
2016-02-15 15:54:46: 删除文件夹 'D:/php/weixingzh/Public/common/lib/ckeditor/plugins/table'
2016-02-15 15:54:46: 删除文件 'D:/php/weixingzh/Public/common/lib/ckeditor/plugins/tabletools/dialogs/tableCell.js'
2016-02-15 15:54:46: 删除文件夹 'D:/php/weixingzh/Public/common/lib/ckeditor/plugins/tabletools/dialogs'
2016-02-15 15:54:46: 删除文件夹 'D:/php/weixingzh/Public/common/lib/ckeditor/plugins/tabletools'
2016-02-15 15:54:46: 删除文件 'D:/php/weixingzh/Public/common/lib/ckeditor/plugins/wsc/dialogs/ciframe.html'
2016-02-15 15:54:46: 删除文件 'D:/php/weixingzh/Public/common/lib/ckeditor/plugins/wsc/dialogs/tmpFrameset.html'
2016-02-15 15:54:46: 删除文件 'D:/php/weixingzh/Public/common/lib/ckeditor/plugins/wsc/dialogs/wsc.css'
2016-02-15 15:54:46: 删除文件 'D:/php/weixingzh/Public/common/lib/ckeditor/plugins/wsc/dialogs/wsc.js'
2016-02-15 15:54:46: 删除文件 'D:/php/weixingzh/Public/common/lib/ckeditor/plugins/wsc/dialogs/wsc_ie.js'
2016-02-15 15:54:46: 删除文件夹 'D:/php/weixingzh/Public/common/lib/ckeditor/plugins/wsc/dialogs'
2016-02-15 15:54:46: 删除文件 'D:/php/weixingzh/Public/common/lib/ckeditor/plugins/wsc/LICENSE.md'
2016-02-15 15:54:46: 删除文件 'D:/php/weixingzh/Public/common/lib/ckeditor/plugins/wsc/README.md'
2016-02-15 15:54:46: 删除文件夹 'D:/php/weixingzh/Public/common/lib/ckeditor/plugins/wsc'
2016-02-15 15:54:46: 删除文件夹 'D:/php/weixingzh/Public/common/lib/ckeditor/plugins'
2016-02-15 15:54:46: 删除文件 'D:/php/weixingzh/Public/common/lib/ckeditor/README.md'
2016-02-15 15:54:46: 删除文件 'D:/php/weixingzh/Public/common/lib/ckeditor/samples/css/samples.css'
2016-02-15 15:54:46: 删除文件夹 'D:/php/weixingzh/Public/common/lib/ckeditor/samples/css'
2016-02-15 15:54:46: 删除文件 'D:/php/weixingzh/Public/common/lib/ckeditor/samples/img/github-top.png'
2016-02-15 15:54:46: 删除文件 'D:/php/weixingzh/Public/common/lib/ckeditor/samples/img/header-bg.png'
2016-02-15 15:54:46: 删除文件 'D:/php/weixingzh/Public/common/lib/ckeditor/samples/img/header-separator.png'
2016-02-15 15:54:46: 删除文件 'D:/php/weixingzh/Public/common/lib/ckeditor/samples/img/logo.png'
2016-02-15 15:54:46: 删除文件 'D:/php/weixingzh/Public/common/lib/ckeditor/samples/img/navigation-tip.png'
2016-02-15 15:54:46: 删除文件夹 'D:/php/weixingzh/Public/common/lib/ckeditor/samples/img'
2016-02-15 15:54:46: 删除文件 'D:/php/weixingzh/Public/common/lib/ckeditor/samples/index.html'
2016-02-15 15:54:46: 删除文件 'D:/php/weixingzh/Public/common/lib/ckeditor/samples/js/sample.js'
2016-02-15 15:54:46: 删除文件 'D:/php/weixingzh/Public/common/lib/ckeditor/samples/js/sf.js'
2016-02-15 15:54:46: 删除文件夹 'D:/php/weixingzh/Public/common/lib/ckeditor/samples/js'
2016-02-15 15:54:46: 删除文件 'D:/php/weixingzh/Public/common/lib/ckeditor/samples/old/ajax.html'
2016-02-15 15:54:46: 删除文件 'D:/php/weixingzh/Public/common/lib/ckeditor/samples/old/api.html'
2016-02-15 15:54:46: 删除文件 'D:/php/weixingzh/Public/common/lib/ckeditor/samples/old/appendto.html'
2016-02-15 15:54:46: 删除文件 'D:/php/weixingzh/Public/common/lib/ckeditor/samples/old/assets/inlineall/logo.png'
2016-02-15 15:54:46: 删除文件夹 'D:/php/weixingzh/Public/common/lib/ckeditor/samples/old/assets/inlineall'
2016-02-15 15:54:46: 删除文件 'D:/php/weixingzh/Public/common/lib/ckeditor/samples/old/assets/outputxhtml/outputxhtml.css'
2016-02-15 15:54:46: 删除文件夹 'D:/php/weixingzh/Public/common/lib/ckeditor/samples/old/assets/outputxhtml'
2016-02-15 15:54:46: 删除文件 'D:/php/weixingzh/Public/common/lib/ckeditor/samples/old/assets/posteddata.php'
2016-02-15 15:54:46: 删除文件 'D:/php/weixingzh/Public/common/lib/ckeditor/samples/old/assets/sample.jpg'
2016-02-15 15:54:46: 删除文件 'D:/php/weixingzh/Public/common/lib/ckeditor/samples/old/assets/uilanguages/languages.js'
2016-02-15 15:54:46: 删除文件夹 'D:/php/weixingzh/Public/common/lib/ckeditor/samples/old/assets/uilanguages'
2016-02-15 15:54:46: 删除文件夹 'D:/php/weixingzh/Public/common/lib/ckeditor/samples/old/assets'
2016-02-15 15:54:46: 删除文件 'D:/php/weixingzh/Public/common/lib/ckeditor/samples/old/datafiltering.html'
2016-02-15 15:54:46: 删除文件 'D:/php/weixingzh/Public/common/lib/ckeditor/samples/old/dialog/assets/my_dialog.js'
2016-02-15 15:54:46: 删除文件夹 'D:/php/weixingzh/Public/common/lib/ckeditor/samples/old/dialog/assets'
2016-02-15 15:54:46: 删除文件 'D:/php/weixingzh/Public/common/lib/ckeditor/samples/old/dialog/dialog.html'
2016-02-15 15:54:46: 删除文件夹 'D:/php/weixingzh/Public/common/lib/ckeditor/samples/old/dialog'
2016-02-15 15:54:46: 删除文件 'D:/php/weixingzh/Public/common/lib/ckeditor/samples/old/divreplace.html'
2016-02-15 15:54:46: 删除文件 'D:/php/weixingzh/Public/common/lib/ckeditor/samples/old/enterkey/enterkey.html'
2016-02-15 15:54:46: 删除文件夹 'D:/php/weixingzh/Public/common/lib/ckeditor/samples/old/enterkey'
2016-02-15 15:54:46: 删除文件 'D:/php/weixingzh/Public/common/lib/ckeditor/samples/old/htmlwriter/assets/outputforflash/outputforflash.fla'
2016-02-15 15:54:46: 删除文件 'D:/php/weixingzh/Public/common/lib/ckeditor/samples/old/htmlwriter/assets/outputforflash/outputforflash.swf'
2016-02-15 15:54:46: 删除文件 'D:/php/weixingzh/Public/common/lib/ckeditor/samples/old/htmlwriter/assets/outputforflash/swfobject.js'
2016-02-15 15:54:46: 删除文件夹 'D:/php/weixingzh/Public/common/lib/ckeditor/samples/old/htmlwriter/assets/outputforflash'
2016-02-15 15:54:46: 删除文件夹 'D:/php/weixingzh/Public/common/lib/ckeditor/samples/old/htmlwriter/assets'
2016-02-15 15:54:46: 删除文件 'D:/php/weixingzh/Public/common/lib/ckeditor/samples/old/htmlwriter/outputforflash.html'
2016-02-15 15:54:46: 删除文件 'D:/php/weixingzh/Public/common/lib/ckeditor/samples/old/htmlwriter/outputhtml.html'
2016-02-15 15:54:46: 删除文件夹 'D:/php/weixingzh/Public/common/lib/ckeditor/samples/old/htmlwriter'
2016-02-15 15:54:46: 删除文件 'D:/php/weixingzh/Public/common/lib/ckeditor/samples/old/index.html'
2016-02-15 15:54:46: 删除文件 'D:/php/weixingzh/Public/common/lib/ckeditor/samples/old/inlineall.html'
2016-02-15 15:54:46: 删除文件 'D:/php/weixingzh/Public/common/lib/ckeditor/samples/old/inlinebycode.html'
2016-02-15 15:54:46: 删除文件 'D:/php/weixingzh/Public/common/lib/ckeditor/samples/old/inlinetextarea.html'
2016-02-15 15:54:46: 删除文件 'D:/php/weixingzh/Public/common/lib/ckeditor/samples/old/jquery.html'
2016-02-15 15:54:46: 删除文件 'D:/php/weixingzh/Public/common/lib/ckeditor/samples/old/magicline/magicline.html'
2016-02-15 15:54:46: 删除文件夹 'D:/php/weixingzh/Public/common/lib/ckeditor/samples/old/magicline'
2016-02-15 15:54:46: 删除文件 'D:/php/weixingzh/Public/common/lib/ckeditor/samples/old/readonly.html'
2016-02-15 15:54:46: 删除文件 'D:/php/weixingzh/Public/common/lib/ckeditor/samples/old/replacebyclass.html'
2016-02-15 15:54:46: 删除文件 'D:/php/weixingzh/Public/common/lib/ckeditor/samples/old/replacebycode.html'
2016-02-15 15:54:46: 删除文件 'D:/php/weixingzh/Public/common/lib/ckeditor/samples/old/sample.css'
2016-02-15 15:54:46: 删除文件 'D:/php/weixingzh/Public/common/lib/ckeditor/samples/old/sample.js'
2016-02-15 15:54:46: 删除文件 'D:/php/weixingzh/Public/common/lib/ckeditor/samples/old/sample_posteddata.php'
2016-02-15 15:54:46: 删除文件 'D:/php/weixingzh/Public/common/lib/ckeditor/samples/old/tabindex.html'
2016-02-15 15:54:46: 删除文件 'D:/php/weixingzh/Public/common/lib/ckeditor/samples/old/toolbar/toolbar.html'
2016-02-15 15:54:46: 删除文件夹 'D:/php/weixingzh/Public/common/lib/ckeditor/samples/old/toolbar'
2016-02-15 15:54:46: 删除文件 'D:/php/weixingzh/Public/common/lib/ckeditor/samples/old/uicolor.html'
2016-02-15 15:54:46: 删除文件 'D:/php/weixingzh/Public/common/lib/ckeditor/samples/old/uilanguages.html'
2016-02-15 15:54:46: 删除文件 'D:/php/weixingzh/Public/common/lib/ckeditor/samples/old/wysiwygarea/fullpage.html'
2016-02-15 15:54:46: 删除文件夹 'D:/php/weixingzh/Public/common/lib/ckeditor/samples/old/wysiwygarea'
2016-02-15 15:54:46: 删除文件 'D:/php/weixingzh/Public/common/lib/ckeditor/samples/old/xhtmlstyle.html'
2016-02-15 15:54:46: 删除文件夹 'D:/php/weixingzh/Public/common/lib/ckeditor/samples/old'
2016-02-15 15:54:46: 删除文件 'D:/php/weixingzh/Public/common/lib/ckeditor/samples/toolbarconfigurator/css/fontello.css'
2016-02-15 15:54:46: 删除文件夹 'D:/php/weixingzh/Public/common/lib/ckeditor/samples/toolbarconfigurator/css'
2016-02-15 15:54:46: 删除文件 'D:/php/weixingzh/Public/common/lib/ckeditor/samples/toolbarconfigurator/font/config.json'
2016-02-15 15:54:46: 删除文件 'D:/php/weixingzh/Public/common/lib/ckeditor/samples/toolbarconfigurator/font/fontello.eot'
2016-02-15 15:54:46: 删除文件 'D:/php/weixingzh/Public/common/lib/ckeditor/samples/toolbarconfigurator/font/fontello.svg'
2016-02-15 15:54:46: 删除文件 'D:/php/weixingzh/Public/common/lib/ckeditor/samples/toolbarconfigurator/font/fontello.ttf'
2016-02-15 15:54:46: 删除文件 'D:/php/weixingzh/Public/common/lib/ckeditor/samples/toolbarconfigurator/font/fontello.woff'
2016-02-15 15:54:46: 删除文件 'D:/php/weixingzh/Public/common/lib/ckeditor/samples/toolbarconfigurator/font/LICENSE.txt'
2016-02-15 15:54:46: 删除文件夹 'D:/php/weixingzh/Public/common/lib/ckeditor/samples/toolbarconfigurator/font'
2016-02-15 15:54:46: 删除文件 'D:/php/weixingzh/Public/common/lib/ckeditor/samples/toolbarconfigurator/index.html'
2016-02-15 15:54:46: 删除文件 'D:/php/weixingzh/Public/common/lib/ckeditor/samples/toolbarconfigurator/js/abstracttoolbarmodifier.js'
2016-02-15 15:54:46: 删除文件 'D:/php/weixingzh/Public/common/lib/ckeditor/samples/toolbarconfigurator/js/fulltoolbareditor.js'
2016-02-15 15:54:46: 删除文件 'D:/php/weixingzh/Public/common/lib/ckeditor/samples/toolbarconfigurator/js/toolbarmodifier.js'
2016-02-15 15:54:46: 删除文件 'D:/php/weixingzh/Public/common/lib/ckeditor/samples/toolbarconfigurator/js/toolbartextmodifier.js'
2016-02-15 15:54:46: 删除文件夹 'D:/php/weixingzh/Public/common/lib/ckeditor/samples/toolbarconfigurator/js'
2016-02-15 15:54:46: 删除文件 'D:/php/weixingzh/Public/common/lib/ckeditor/samples/toolbarconfigurator/lib/codemirror/codemirror.css'
2016-02-15 15:54:46: 删除文件 'D:/php/weixingzh/Public/common/lib/ckeditor/samples/toolbarconfigurator/lib/codemirror/codemirror.js'
2016-02-15 15:54:46: 删除文件 'D:/php/weixingzh/Public/common/lib/ckeditor/samples/toolbarconfigurator/lib/codemirror/javascript.js'
2016-02-15 15:54:46: 删除文件 'D:/php/weixingzh/Public/common/lib/ckeditor/samples/toolbarconfigurator/lib/codemirror/LICENSE'
2016-02-15 15:54:46: 删除文件 'D:/php/weixingzh/Public/common/lib/ckeditor/samples/toolbarconfigurator/lib/codemirror/neo.css'
2016-02-15 15:54:46: 删除文件 'D:/php/weixingzh/Public/common/lib/ckeditor/samples/toolbarconfigurator/lib/codemirror/show-hint.css'
2016-02-15 15:54:46: 删除文件 'D:/php/weixingzh/Public/common/lib/ckeditor/samples/toolbarconfigurator/lib/codemirror/show-hint.js'
2016-02-15 15:54:46: 删除文件夹 'D:/php/weixingzh/Public/common/lib/ckeditor/samples/toolbarconfigurator/lib/codemirror'
2016-02-15 15:54:46: 删除文件夹 'D:/php/weixingzh/Public/common/lib/ckeditor/samples/toolbarconfigurator/lib'
2016-02-15 15:54:46: 删除文件夹 'D:/php/weixingzh/Public/common/lib/ckeditor/samples/toolbarconfigurator'
2016-02-15 15:54:46: 删除文件夹 'D:/php/weixingzh/Public/common/lib/ckeditor/samples'
2016-02-15 15:54:46: 删除文件 'D:/php/weixingzh/Public/common/lib/ckeditor/skins/moono/dialog.css'
2016-02-15 15:54:46: 删除文件 'D:/php/weixingzh/Public/common/lib/ckeditor/skins/moono/dialog_ie.css'
2016-02-15 15:54:46: 删除文件 'D:/php/weixingzh/Public/common/lib/ckeditor/skins/moono/dialog_ie7.css'
2016-02-15 15:54:46: 删除文件 'D:/php/weixingzh/Public/common/lib/ckeditor/skins/moono/dialog_ie8.css'
2016-02-15 15:54:46: 删除文件 'D:/php/weixingzh/Public/common/lib/ckeditor/skins/moono/dialog_iequirks.css'
2016-02-15 15:54:46: 删除文件 'D:/php/weixingzh/Public/common/lib/ckeditor/skins/moono/editor.css'
2016-02-15 15:54:46: 删除文件 'D:/php/weixingzh/Public/common/lib/ckeditor/skins/moono/editor_gecko.css'
2016-02-15 15:54:46: 删除文件 'D:/php/weixingzh/Public/common/lib/ckeditor/skins/moono/editor_ie.css'
2016-02-15 15:54:46: 删除文件 'D:/php/weixingzh/Public/common/lib/ckeditor/skins/moono/editor_ie7.css'
2016-02-15 15:54:46: 删除文件 'D:/php/weixingzh/Public/common/lib/ckeditor/skins/moono/editor_ie8.css'
2016-02-15 15:54:46: 删除文件 'D:/php/weixingzh/Public/common/lib/ckeditor/skins/moono/editor_iequirks.css'
2016-02-15 15:54:46: 删除文件 'D:/php/weixingzh/Public/common/lib/ckeditor/skins/moono/icons.png'
2016-02-15 15:54:46: 删除文件 'D:/php/weixingzh/Public/common/lib/ckeditor/skins/moono/icons_hidpi.png'
2016-02-15 15:54:46: 删除文件 'D:/php/weixingzh/Public/common/lib/ckeditor/skins/moono/images/arrow.png'
2016-02-15 15:54:46: 删除文件 'D:/php/weixingzh/Public/common/lib/ckeditor/skins/moono/images/close.png'
2016-02-15 15:54:46: 删除文件 'D:/php/weixingzh/Public/common/lib/ckeditor/skins/moono/images/hidpi/close.png'
2016-02-15 15:54:46: 删除文件 'D:/php/weixingzh/Public/common/lib/ckeditor/skins/moono/images/hidpi/lock-open.png'
2016-02-15 15:54:46: 删除文件 'D:/php/weixingzh/Public/common/lib/ckeditor/skins/moono/images/hidpi/lock.png'
2016-02-15 15:54:46: 删除文件 'D:/php/weixingzh/Public/common/lib/ckeditor/skins/moono/images/hidpi/refresh.png'
2016-02-15 15:54:46: 删除文件夹 'D:/php/weixingzh/Public/common/lib/ckeditor/skins/moono/images/hidpi'
2016-02-15 15:54:46: 删除文件 'D:/php/weixingzh/Public/common/lib/ckeditor/skins/moono/images/lock-open.png'
2016-02-15 15:54:46: 删除文件 'D:/php/weixingzh/Public/common/lib/ckeditor/skins/moono/images/lock.png'
2016-02-15 15:54:46: 删除文件 'D:/php/weixingzh/Public/common/lib/ckeditor/skins/moono/images/refresh.png'
2016-02-15 15:54:46: 删除文件 'D:/php/weixingzh/Public/common/lib/ckeditor/skins/moono/images/spinner.gif'
2016-02-15 15:54:46: 删除文件夹 'D:/php/weixingzh/Public/common/lib/ckeditor/skins/moono/images'
2016-02-15 15:54:46: 删除文件 'D:/php/weixingzh/Public/common/lib/ckeditor/skins/moono/readme.md'
2016-02-15 15:54:46: 删除文件夹 'D:/php/weixingzh/Public/common/lib/ckeditor/skins/moono'
2016-02-15 15:54:46: 删除文件夹 'D:/php/weixingzh/Public/common/lib/ckeditor/skins'
2016-02-15 15:54:46: 删除文件 'D:/php/weixingzh/Public/common/lib/ckeditor/styles.js'
2016-02-15 15:54:46: 删除文件夹 'D:/php/weixingzh/Public/common/lib/ckeditor'
2016-02-15 15:54:46: 覆盖复制 'D:/php/pure_html/__PUBLIC__/common/lib/data_editor/data-editor.js' -> 'D:/php/weixingzh/Public/common/lib/data_editor/data-editor.js'
2016-02-15 15:54:46: ===== ：同步完毕。时间：00:00:00，速度： 0 字节/s =====, 项目同步未必： 371，错误： 
2016-02-15 15:54:46: 
