2016-02-21 17:58:02: -- Analysis Started by User
2016-02-21 17:58:02: 变更：114， 冲突：， 复制时间：， 复制状态：/， 错误： , All: 1437
2016-02-21 17:58:02: Left to Right: Copy File: 1 
2016-02-21 17:58:02: Right to Left: Copy File: 113 
2016-02-21 17:58:02: ----- ：分析已结束。 历时 00:00:00， 速度： Many 个文件/秒 -----
2016-02-21 17:58:02: 
2016-02-21 17:58:40: == Sync Started by User
2016-02-21 17:58:40: 创建文件夹 'D:/php/weixingzh/Public/73h'
2016-02-21 17:58:40: 创建文件夹 'D:/php/weixingzh/Public/73h/home'
2016-02-21 17:58:40: 创建文件夹 'D:/php/weixingzh/Public/73h/home/css'
2016-02-21 17:58:40: 创建文件夹 'D:/php/weixingzh/Public/73h/home/js'
2016-02-21 17:58:40: 创建文件夹 'D:/php/weixingzh/Public/73h/pic'
2016-02-21 17:58:40: 创建文件夹 'D:/php/weixingzh/Public/73h/pic/bg'
2016-02-21 17:58:40: 创建文件夹 'D:/php/weixingzh/Public/73h/pic/bg/booking_done'
2016-02-21 17:58:40: 创建文件夹 'D:/php/weixingzh/Public/73h/pic/bg/chk_up_cmb_detail'
2016-02-21 17:58:40: 创建文件夹 'D:/php/weixingzh/Public/73h/pic/bg/first_aid_call'
2016-02-21 17:58:40: 创建文件夹 'D:/php/weixingzh/Public/73h/pic/bg/index'
2016-02-21 17:58:40: 创建文件夹 'D:/php/weixingzh/Public/73h/pic/bg/more_service'
2016-02-21 17:58:40: 创建文件夹 'D:/php/weixingzh/Public/73h/pic/test'
2016-02-21 17:58:40: 创建文件夹 'D:/php/weixingzh/Public/73h/pic/test/chk_up_cmb_detail'
2016-02-21 17:58:40: 创建文件夹 'D:/php/weixingzh/Public/73h/pic/test/chk_up_cmb_list'
2016-02-21 17:58:40: 创建文件夹 'D:/php/weixingzh/Public/73h/pic/test/dept_office_list'
2016-02-21 17:58:40: 创建文件夹 'D:/php/weixingzh/Public/73h/pic/test/f'
2016-02-21 17:58:40: 创建文件夹 'D:/php/weixingzh/Public/73h/pic/test/index'
2016-02-21 17:58:40: 创建文件夹 'D:/php/weixingzh/Public/73h/pic/test/medicine_list'
2016-02-21 17:58:40: 创建文件夹 'D:/php/weixingzh/Public/common/lib/i-schedule'
2016-02-21 17:58:40: 创建文件夹 'D:/php/weixingzh/Public/common/lib/jquery-ui'
2016-02-21 17:58:40: 创建文件夹 'D:/php/weixingzh/Public/common/lib/jquery-ui/external'
2016-02-21 17:58:40: 创建文件夹 'D:/php/weixingzh/Public/common/lib/jquery-ui/external/jquery'
2016-02-21 17:58:40: 创建文件夹 'D:/php/weixingzh/Public/common/lib/jquery-ui/images'
2016-02-21 17:58:40: 新建复制 'D:/php/pure_html/__PUBLIC__/73h/home/css/bookingDone.css' -> 'D:/php/weixingzh/Public/73h/home/css/bookingDone.css'
2016-02-21 17:58:40: 新建复制 'D:/php/pure_html/__PUBLIC__/73h/home/css/chkUpCmbDetail.css' -> 'D:/php/weixingzh/Public/73h/home/css/chkUpCmbDetail.css'
2016-02-21 17:58:40: 新建复制 'D:/php/pure_html/__PUBLIC__/73h/home/css/chkUpCmbList.css' -> 'D:/php/weixingzh/Public/73h/home/css/chkUpCmbList.css'
2016-02-21 17:58:40: 新建复制 'D:/php/pure_html/__PUBLIC__/73h/home/css/common.css' -> 'D:/php/weixingzh/Public/73h/home/css/common.css'
2016-02-21 17:58:40: 新建复制 'D:/php/pure_html/__PUBLIC__/73h/home/css/deptDocDetail.css' -> 'D:/php/weixingzh/Public/73h/home/css/deptDocDetail.css'
2016-02-21 17:58:40: 新建复制 'D:/php/pure_html/__PUBLIC__/73h/home/css/deptDocList.css' -> 'D:/php/weixingzh/Public/73h/home/css/deptDocList.css'
2016-02-21 17:58:40: 新建复制 'D:/php/pure_html/__PUBLIC__/73h/home/css/deptOfficeList.css' -> 'D:/php/weixingzh/Public/73h/home/css/deptOfficeList.css'
2016-02-21 17:58:40: 新建复制 'D:/php/pure_html/__PUBLIC__/73h/home/css/docDetailInfo.css' -> 'D:/php/weixingzh/Public/73h/home/css/docDetailInfo.css'
2016-02-21 17:58:40: 新建复制 'D:/php/pure_html/__PUBLIC__/73h/home/css/docRecmdList.css' -> 'D:/php/weixingzh/Public/73h/home/css/docRecmdList.css'
2016-02-21 17:58:40: 新建复制 'D:/php/pure_html/__PUBLIC__/73h/home/css/firstAidCall.css' -> 'D:/php/weixingzh/Public/73h/home/css/firstAidCall.css'
2016-02-21 17:58:40: 新建复制 'D:/php/pure_html/__PUBLIC__/73h/home/css/index.css' -> 'D:/php/weixingzh/Public/73h/home/css/index.css'
2016-02-21 17:58:40: 新建复制 'D:/php/pure_html/__PUBLIC__/73h/home/css/mdclHistDetail.css' -> 'D:/php/weixingzh/Public/73h/home/css/mdclHistDetail.css'
2016-02-21 17:58:40: 新建复制 'D:/php/pure_html/__PUBLIC__/73h/home/css/mdclHistList.css' -> 'D:/php/weixingzh/Public/73h/home/css/mdclHistList.css'
2016-02-21 17:58:40: 新建复制 'D:/php/pure_html/__PUBLIC__/73h/home/css/medicineDetail.css' -> 'D:/php/weixingzh/Public/73h/home/css/medicineDetail.css'
2016-02-21 17:58:40: 新建复制 'D:/php/pure_html/__PUBLIC__/73h/home/css/medicineList.css' -> 'D:/php/weixingzh/Public/73h/home/css/medicineList.css'
2016-02-21 17:58:40: 新建复制 'D:/php/pure_html/__PUBLIC__/73h/home/css/regBooking.css' -> 'D:/php/weixingzh/Public/73h/home/css/regBooking.css'
2016-02-21 17:58:40: 新建复制 'D:/php/pure_html/__PUBLIC__/73h/home/css/regBookingConfirm.css' -> 'D:/php/weixingzh/Public/73h/home/css/regBookingConfirm.css'
2016-02-21 17:58:40: 新建复制 'D:/php/pure_html/__PUBLIC__/73h/pic/bg/booking_done/1.png' -> 'D:/php/weixingzh/Public/73h/pic/bg/booking_done/1.png'
2016-02-21 17:58:40: 新建复制 'D:/php/pure_html/__PUBLIC__/73h/pic/bg/chk_up_cmb_detail/2.png' -> 'D:/php/weixingzh/Public/73h/pic/bg/chk_up_cmb_detail/2.png'
2016-02-21 17:58:40: 新建复制 'D:/php/pure_html/__PUBLIC__/73h/pic/bg/chk_up_cmb_detail/3.png' -> 'D:/php/weixingzh/Public/73h/pic/bg/chk_up_cmb_detail/3.png'
2016-02-21 17:58:40: 新建复制 'D:/php/pure_html/__PUBLIC__/73h/pic/bg/first_aid_call/2.png' -> 'D:/php/weixingzh/Public/73h/pic/bg/first_aid_call/2.png'
2016-02-21 17:58:40: 新建复制 'D:/php/pure_html/__PUBLIC__/73h/pic/bg/index/15.png' -> 'D:/php/weixingzh/Public/73h/pic/bg/index/15.png'
2016-02-21 17:58:40: 新建复制 'D:/php/pure_html/__PUBLIC__/73h/pic/bg/index/16.png' -> 'D:/php/weixingzh/Public/73h/pic/bg/index/16.png'
2016-02-21 17:58:40: 新建复制 'D:/php/pure_html/__PUBLIC__/73h/pic/bg/index/17.png' -> 'D:/php/weixingzh/Public/73h/pic/bg/index/17.png'
2016-02-21 17:58:40: 新建复制 'D:/php/pure_html/__PUBLIC__/73h/pic/bg/index/18.png' -> 'D:/php/weixingzh/Public/73h/pic/bg/index/18.png'
2016-02-21 17:58:40: 新建复制 'D:/php/pure_html/__PUBLIC__/73h/pic/bg/index/19.png' -> 'D:/php/weixingzh/Public/73h/pic/bg/index/19.png'
2016-02-21 17:58:40: 新建复制 'D:/php/pure_html/__PUBLIC__/73h/pic/bg/index/20.png' -> 'D:/php/weixingzh/Public/73h/pic/bg/index/20.png'
2016-02-21 17:58:40: 新建复制 'D:/php/pure_html/__PUBLIC__/73h/pic/bg/index/21.png' -> 'D:/php/weixingzh/Public/73h/pic/bg/index/21.png'
2016-02-21 17:58:40: 新建复制 'D:/php/pure_html/__PUBLIC__/73h/pic/bg/index/22.png' -> 'D:/php/weixingzh/Public/73h/pic/bg/index/22.png'
2016-02-21 17:58:40: 新建复制 'D:/php/pure_html/__PUBLIC__/73h/pic/bg/more_service/1.png' -> 'D:/php/weixingzh/Public/73h/pic/bg/more_service/1.png'
2016-02-21 17:58:40: 新建复制 'D:/php/pure_html/__PUBLIC__/73h/pic/test/chk_up_cmb_detail/1.png' -> 'D:/php/weixingzh/Public/73h/pic/test/chk_up_cmb_detail/1.png'
2016-02-21 17:58:40: 新建复制 'D:/php/pure_html/__PUBLIC__/73h/pic/test/chk_up_cmb_list/2.png' -> 'D:/php/weixingzh/Public/73h/pic/test/chk_up_cmb_list/2.png'
2016-02-21 17:58:40: 新建复制 'D:/php/pure_html/__PUBLIC__/73h/pic/test/chk_up_cmb_list/3.png' -> 'D:/php/weixingzh/Public/73h/pic/test/chk_up_cmb_list/3.png'
2016-02-21 17:58:40: 新建复制 'D:/php/pure_html/__PUBLIC__/73h/pic/test/dept_office_list/1.png' -> 'D:/php/weixingzh/Public/73h/pic/test/dept_office_list/1.png'
2016-02-21 17:58:40: 新建复制 'D:/php/pure_html/__PUBLIC__/73h/pic/test/dept_office_list/10.png' -> 'D:/php/weixingzh/Public/73h/pic/test/dept_office_list/10.png'
2016-02-21 17:58:40: 新建复制 'D:/php/pure_html/__PUBLIC__/73h/pic/test/dept_office_list/11.png' -> 'D:/php/weixingzh/Public/73h/pic/test/dept_office_list/11.png'
2016-02-21 17:58:40: 新建复制 'D:/php/pure_html/__PUBLIC__/73h/pic/test/dept_office_list/12.png' -> 'D:/php/weixingzh/Public/73h/pic/test/dept_office_list/12.png'
2016-02-21 17:58:40: 新建复制 'D:/php/pure_html/__PUBLIC__/73h/pic/test/dept_office_list/2.png' -> 'D:/php/weixingzh/Public/73h/pic/test/dept_office_list/2.png'
2016-02-21 17:58:40: 新建复制 'D:/php/pure_html/__PUBLIC__/73h/pic/test/dept_office_list/3.png' -> 'D:/php/weixingzh/Public/73h/pic/test/dept_office_list/3.png'
2016-02-21 17:58:40: 新建复制 'D:/php/pure_html/__PUBLIC__/73h/pic/test/dept_office_list/4.png' -> 'D:/php/weixingzh/Public/73h/pic/test/dept_office_list/4.png'
2016-02-21 17:58:40: 新建复制 'D:/php/pure_html/__PUBLIC__/73h/pic/test/dept_office_list/5.png' -> 'D:/php/weixingzh/Public/73h/pic/test/dept_office_list/5.png'
2016-02-21 17:58:40: 新建复制 'D:/php/pure_html/__PUBLIC__/73h/pic/test/dept_office_list/6.png' -> 'D:/php/weixingzh/Public/73h/pic/test/dept_office_list/6.png'
2016-02-21 17:58:40: 新建复制 'D:/php/pure_html/__PUBLIC__/73h/pic/test/dept_office_list/7.png' -> 'D:/php/weixingzh/Public/73h/pic/test/dept_office_list/7.png'
2016-02-21 17:58:40: 新建复制 'D:/php/pure_html/__PUBLIC__/73h/pic/test/dept_office_list/8.png' -> 'D:/php/weixingzh/Public/73h/pic/test/dept_office_list/8.png'
2016-02-21 17:58:40: 新建复制 'D:/php/pure_html/__PUBLIC__/73h/pic/test/dept_office_list/9.png' -> 'D:/php/weixingzh/Public/73h/pic/test/dept_office_list/9.png'
2016-02-21 17:58:40: 新建复制 'D:/php/pure_html/__PUBLIC__/73h/pic/test/index/1.png' -> 'D:/php/weixingzh/Public/73h/pic/test/index/1.png'
2016-02-21 17:58:40: 新建复制 'D:/php/pure_html/__PUBLIC__/73h/pic/test/index/10.png' -> 'D:/php/weixingzh/Public/73h/pic/test/index/10.png'
2016-02-21 17:58:40: 新建复制 'D:/php/pure_html/__PUBLIC__/73h/pic/test/index/11.png' -> 'D:/php/weixingzh/Public/73h/pic/test/index/11.png'
2016-02-21 17:58:40: 新建复制 'D:/php/pure_html/__PUBLIC__/73h/pic/test/index/12.png' -> 'D:/php/weixingzh/Public/73h/pic/test/index/12.png'
2016-02-21 17:58:40: 新建复制 'D:/php/pure_html/__PUBLIC__/73h/pic/test/index/13.png' -> 'D:/php/weixingzh/Public/73h/pic/test/index/13.png'
2016-02-21 17:58:40: 新建复制 'D:/php/pure_html/__PUBLIC__/73h/pic/test/index/14.png' -> 'D:/php/weixingzh/Public/73h/pic/test/index/14.png'
2016-02-21 17:58:40: 新建复制 'D:/php/pure_html/__PUBLIC__/73h/pic/test/index/15.png' -> 'D:/php/weixingzh/Public/73h/pic/test/index/15.png'
2016-02-21 17:58:40: 新建复制 'D:/php/pure_html/__PUBLIC__/73h/pic/test/index/16.png' -> 'D:/php/weixingzh/Public/73h/pic/test/index/16.png'
2016-02-21 17:58:40: 新建复制 'D:/php/pure_html/__PUBLIC__/73h/pic/test/index/17.png' -> 'D:/php/weixingzh/Public/73h/pic/test/index/17.png'
2016-02-21 17:58:40: 新建复制 'D:/php/pure_html/__PUBLIC__/73h/pic/test/index/18.png' -> 'D:/php/weixingzh/Public/73h/pic/test/index/18.png'
2016-02-21 17:58:40: 新建复制 'D:/php/pure_html/__PUBLIC__/73h/pic/test/index/19.png' -> 'D:/php/weixingzh/Public/73h/pic/test/index/19.png'
2016-02-21 17:58:40: 新建复制 'D:/php/pure_html/__PUBLIC__/73h/pic/test/index/2.png' -> 'D:/php/weixingzh/Public/73h/pic/test/index/2.png'
2016-02-21 17:58:40: 新建复制 'D:/php/pure_html/__PUBLIC__/73h/pic/test/index/20.png' -> 'D:/php/weixingzh/Public/73h/pic/test/index/20.png'
2016-02-21 17:58:40: 新建复制 'D:/php/pure_html/__PUBLIC__/73h/pic/test/index/21.png' -> 'D:/php/weixingzh/Public/73h/pic/test/index/21.png'
2016-02-21 17:58:40: 新建复制 'D:/php/pure_html/__PUBLIC__/73h/pic/test/index/22.png' -> 'D:/php/weixingzh/Public/73h/pic/test/index/22.png'
2016-02-21 17:58:40: 新建复制 'D:/php/pure_html/__PUBLIC__/73h/pic/test/index/23.png' -> 'D:/php/weixingzh/Public/73h/pic/test/index/23.png'
2016-02-21 17:58:40: 新建复制 'D:/php/pure_html/__PUBLIC__/73h/pic/test/index/3.png' -> 'D:/php/weixingzh/Public/73h/pic/test/index/3.png'
2016-02-21 17:58:40: 新建复制 'D:/php/pure_html/__PUBLIC__/73h/pic/test/index/4.png' -> 'D:/php/weixingzh/Public/73h/pic/test/index/4.png'
2016-02-21 17:58:40: 新建复制 'D:/php/pure_html/__PUBLIC__/73h/pic/test/index/5.png' -> 'D:/php/weixingzh/Public/73h/pic/test/index/5.png'
2016-02-21 17:58:40: 新建复制 'D:/php/pure_html/__PUBLIC__/73h/pic/test/index/6.png' -> 'D:/php/weixingzh/Public/73h/pic/test/index/6.png'
2016-02-21 17:58:40: 新建复制 'D:/php/pure_html/__PUBLIC__/73h/pic/test/index/7.png' -> 'D:/php/weixingzh/Public/73h/pic/test/index/7.png'
2016-02-21 17:58:40: 新建复制 'D:/php/pure_html/__PUBLIC__/73h/pic/test/index/8.png' -> 'D:/php/weixingzh/Public/73h/pic/test/index/8.png'
2016-02-21 17:58:40: 新建复制 'D:/php/pure_html/__PUBLIC__/73h/pic/test/index/9.png' -> 'D:/php/weixingzh/Public/73h/pic/test/index/9.png'
2016-02-21 17:58:40: 新建复制 'D:/php/pure_html/__PUBLIC__/73h/pic/test/medicine_list/1.png' -> 'D:/php/weixingzh/Public/73h/pic/test/medicine_list/1.png'
2016-02-21 17:58:40: 新建复制 'D:/php/pure_html/__PUBLIC__/73h/pic/test/medicine_list/2.png' -> 'D:/php/weixingzh/Public/73h/pic/test/medicine_list/2.png'
2016-02-21 17:58:40: 覆盖复制 'D:/php/weixingzh/Public/cjs/home/css/articleList.css' -> 'D:/php/pure_html/__PUBLIC__/cjs/home/css/articleList.css'
2016-02-21 17:58:40: 新建复制 'D:/php/pure_html/__PUBLIC__/common/lib/i-schedule/i-schedule.css' -> 'D:/php/weixingzh/Public/common/lib/i-schedule/i-schedule.css'
2016-02-21 17:58:40: 新建复制 'D:/php/pure_html/__PUBLIC__/common/lib/i-schedule/i-schedule.js' -> 'D:/php/weixingzh/Public/common/lib/i-schedule/i-schedule.js'
2016-02-21 17:58:40: 新建复制 'D:/php/pure_html/__PUBLIC__/common/lib/jquery-ui/external/jquery/jquery.js' -> 'D:/php/weixingzh/Public/common/lib/jquery-ui/external/jquery/jquery.js'
2016-02-21 17:58:40: 新建复制 'D:/php/pure_html/__PUBLIC__/common/lib/jquery-ui/i-jq-ui.css' -> 'D:/php/weixingzh/Public/common/lib/jquery-ui/i-jq-ui.css'
2016-02-21 17:58:40: 新建复制 'D:/php/pure_html/__PUBLIC__/common/lib/jquery-ui/images/ui-icons_444444_256x240.png' -> 'D:/php/weixingzh/Public/common/lib/jquery-ui/images/ui-icons_444444_256x240.png'
2016-02-21 17:58:40: 新建复制 'D:/php/pure_html/__PUBLIC__/common/lib/jquery-ui/images/ui-icons_555555_256x240.png' -> 'D:/php/weixingzh/Public/common/lib/jquery-ui/images/ui-icons_555555_256x240.png'
2016-02-21 17:58:40: 新建复制 'D:/php/pure_html/__PUBLIC__/common/lib/jquery-ui/images/ui-icons_777620_256x240.png' -> 'D:/php/weixingzh/Public/common/lib/jquery-ui/images/ui-icons_777620_256x240.png'
2016-02-21 17:58:40: 新建复制 'D:/php/pure_html/__PUBLIC__/common/lib/jquery-ui/images/ui-icons_777777_256x240.png' -> 'D:/php/weixingzh/Public/common/lib/jquery-ui/images/ui-icons_777777_256x240.png'
2016-02-21 17:58:40: 新建复制 'D:/php/pure_html/__PUBLIC__/common/lib/jquery-ui/images/ui-icons_cc0000_256x240.png' -> 'D:/php/weixingzh/Public/common/lib/jquery-ui/images/ui-icons_cc0000_256x240.png'
2016-02-21 17:58:40: 新建复制 'D:/php/pure_html/__PUBLIC__/common/lib/jquery-ui/images/ui-icons_ffffff_256x240.png' -> 'D:/php/weixingzh/Public/common/lib/jquery-ui/images/ui-icons_ffffff_256x240.png'
2016-02-21 17:58:40: 新建复制 'D:/php/pure_html/__PUBLIC__/common/lib/jquery-ui/index.html' -> 'D:/php/weixingzh/Public/common/lib/jquery-ui/index.html'
2016-02-21 17:58:40: 新建复制 'D:/php/pure_html/__PUBLIC__/common/lib/jquery-ui/jquery-ui.css' -> 'D:/php/weixingzh/Public/common/lib/jquery-ui/jquery-ui.css'
2016-02-21 17:58:40: 新建复制 'D:/php/pure_html/__PUBLIC__/common/lib/jquery-ui/jquery-ui.js' -> 'D:/php/weixingzh/Public/common/lib/jquery-ui/jquery-ui.js'
2016-02-21 17:58:40: 新建复制 'D:/php/pure_html/__PUBLIC__/common/lib/jquery-ui/jquery-ui.min.css' -> 'D:/php/weixingzh/Public/common/lib/jquery-ui/jquery-ui.min.css'
2016-02-21 17:58:40: 新建复制 'D:/php/pure_html/__PUBLIC__/common/lib/jquery-ui/jquery-ui.min.js' -> 'D:/php/weixingzh/Public/common/lib/jquery-ui/jquery-ui.min.js'
2016-02-21 17:58:40: 新建复制 'D:/php/pure_html/__PUBLIC__/common/lib/jquery-ui/jquery-ui.structure.css' -> 'D:/php/weixingzh/Public/common/lib/jquery-ui/jquery-ui.structure.css'
2016-02-21 17:58:40: 新建复制 'D:/php/pure_html/__PUBLIC__/common/lib/jquery-ui/jquery-ui.structure.min.css' -> 'D:/php/weixingzh/Public/common/lib/jquery-ui/jquery-ui.structure.min.css'
2016-02-21 17:58:40: 新建复制 'D:/php/pure_html/__PUBLIC__/common/lib/jquery-ui/jquery-ui.theme.css' -> 'D:/php/weixingzh/Public/common/lib/jquery-ui/jquery-ui.theme.css'
2016-02-21 17:58:40: 新建复制 'D:/php/pure_html/__PUBLIC__/common/lib/jquery-ui/jquery-ui.theme.min.css' -> 'D:/php/weixingzh/Public/common/lib/jquery-ui/jquery-ui.theme.min.css'
2016-02-21 17:58:40: 新建复制 'D:/php/pure_html/__PUBLIC__/common/lib/widget_tmpl.js' -> 'D:/php/weixingzh/Public/common/lib/widget_tmpl.js'
2016-02-21 17:58:40: ===== ：同步完毕。时间：00:00:00，速度： 0 字节/s =====, 项目同步未必： 114，错误： 
2016-02-21 17:58:40: 
